<?xml version="1.0" encoding="UTF-8"?>
<!-- Generated by org.testng.reporters.JUnitReportReporter -->
<testsuite skipped="0" hostname="shubhagg-mac" name="com.openmrs.qa.testcases.LoginPageTest" tests="1" failures="0" timestamp="29 Jun 2020 07:40:26 GMT" time="12.768" errors="0">
  <testcase name="loginTest" time="12.768" classname="com.openmrs.qa.testcases.LoginPageTest"/>
</testsuite> <!-- com.openmrs.qa.testcases.LoginPageTest -->
